<?xml version="1.0" encoding="utf-8"?><testsuites name="pytest tests"><testsuite name="pytest" errors="0" failures="0" skipped="1" tests="21" time="23.367" timestamp="2026-07-06T11:26:06.329168+00:00" hostname="agent-env-c0a2c713-07d8-44a5-b386-f764b92a4f1a"><testcase classname="tests.test_auth_i18n" name="test_login_sets_cookies_and_me_via_cookie" time="0.517" /><testcase classname="tests.test_auth_i18n" name="test_me_via_bearer_token" time="0.418" /><testcase classname="tests.test_auth_i18n" name="test_me_no_auth_401" time="0.093" /><testcase classname="tests.test_auth_i18n" name="test_login_bad_password_401_and_lockout" time="3.052"><skipped type="pytest.xfail" message="Lockout not triggered: backend uses request.client.host which rotates across ingress pods behind K8s. Should use X-Forwarded-For." /></testcase><testcase classname="tests.test_auth_i18n" name="test_logout_clears_cookies" time="0.408" /><testcase classname="tests.test_auth_i18n" name="test_refresh_issues_new_access_token" time="0.393" /><testcase classname="tests.test_auth_i18n" name="test_register_parent_creates_user_and_returns_bcrypt" time="0.680" /><testcase classname="tests.test_auth_i18n" name="test_register_teacher_ok" time="0.322" /><testcase classname="tests.test_auth_i18n" name="test_register_disallowed_roles_400[student]" time="0.110" /><testcase classname="tests.test_auth_i18n" name="test_register_disallowed_roles_400[school_admin]" time="0.097" /><testcase classname="tests.test_auth_i18n" name="test_register_disallowed_roles_400[company_admin]" time="0.108" /><testcase classname="tests.test_auth_i18n" name="test_register_disallowed_roles_400[government]" time="0.100" /><testcase classname="tests.test_auth_i18n" name="test_register_disallowed_roles_400[admin]" time="0.125" /><testcase classname="tests.test_auth_i18n" name="test_register_duplicate_email_409" time="0.420" /><testcase classname="tests.test_auth_i18n" name="test_forgot_and_reset_password_flow" time="1.533" /><testcase classname="tests.test_auth_i18n" name="test_reset_with_invalid_token_400" time="0.106" /><testcase classname="tests.test_auth_i18n" name="test_forgot_unknown_email_generic_ok" time="0.104" /><testcase classname="tests.test_auth_i18n" name="test_google_session_bogus_401" time="0.209" /><testcase classname="tests.test_auth_i18n" name="test_demo_accounts_shape" time="0.099" /><testcase classname="tests.test_auth_i18n" name="test_tutor_stream_hindi_returns_devanagari" time="5.881" /><testcase classname="tests.test_auth_i18n" name="test_tutor_stream_english_no_devanagari" time="8.037" /></testsuite></testsuites>