<?xml version="1.0" encoding="utf-8"?><testsuites name="pytest tests"><testsuite name="pytest" errors="0" failures="0" skipped="0" tests="44" time="19.844" timestamp="2026-07-06T11:42:14.771046+00:00" hostname="agent-env-c0a2c713-07d8-44a5-b386-f764b92a4f1a"><testcase classname="tests.test_auth_i18n" name="test_login_sets_cookies_and_me_via_cookie" time="0.629" /><testcase classname="tests.backend_test" name="test_root" time="0.167" /><testcase classname="tests.backend_test" name="test_login_all_roles[student-student@demo.com]" time="0.460" /><testcase classname="tests.backend_test" name="test_login_all_roles[teacher-teacher@demo.com]" time="0.283" /><testcase classname="tests.test_auth_i18n" name="test_me_via_bearer_token" time="0.763" /><testcase classname="tests.backend_test" name="test_login_all_roles[parent-parent@demo.com]" time="0.479" /><testcase classname="tests.backend_test" name="test_login_all_roles[school_admin-school@demo.com]" time="0.267" /><testcase classname="tests.test_auth_i18n" name="test_me_no_auth_401" time="0.267" /><testcase classname="tests.backend_test" name="test_login_all_roles[company_admin-company@demo.com]" time="0.267" /><testcase classname="tests.test_auth_i18n" name="test_login_bad_password_401_and_lockout" time="2.993" /><testcase classname="tests.backend_test" name="test_login_all_roles[government-gov@demo.com]" time="0.479" /><testcase classname="tests.backend_test" name="test_login_bad" time="0.461" /><testcase classname="tests.backend_test" name="test_demo_accounts" time="0.229" /><testcase classname="tests.backend_test" name="test_curriculum" time="0.268" /><testcase classname="tests.test_auth_i18n" name="test_logout_clears_cookies" time="0.755" /><testcase classname="tests.test_auth_i18n" name="test_refresh_issues_new_access_token" time="0.560" /><testcase classname="tests.backend_test" name="test_student_today" time="2.518" /><testcase classname="tests.backend_test" name="test_student_profile" time="0.058" /><testcase classname="tests.backend_test" name="test_student_upcoming" time="0.045" /><testcase classname="tests.test_auth_i18n" name="test_register_parent_creates_user_and_returns_bcrypt" time="2.028" /><testcase classname="tests.backend_test" name="test_quiz_topic" time="0.303" /><testcase classname="tests.backend_test" name="test_quiz_submit" time="0.042" /><testcase classname="tests.backend_test" name="test_tutor_stream" time="7.115" /><testcase classname="tests.test_auth_i18n" name="test_register_teacher_ok" time="0.320" /><testcase classname="tests.test_auth_i18n" name="test_register_disallowed_roles_400[student]" time="0.097" /><testcase classname="tests.test_auth_i18n" name="test_register_disallowed_roles_400[school_admin]" time="0.096" /><testcase classname="tests.test_auth_i18n" name="test_register_disallowed_roles_400[company_admin]" time="0.133" /><testcase classname="tests.test_auth_i18n" name="test_register_disallowed_roles_400[government]" time="0.102" /><testcase classname="tests.test_auth_i18n" name="test_register_disallowed_roles_400[admin]" time="0.100" /><testcase classname="tests.test_auth_i18n" name="test_register_duplicate_email_409" time="0.411" /><testcase classname="tests.test_auth_i18n" name="test_forgot_and_reset_password_flow" time="1.542" /><testcase classname="tests.test_auth_i18n" name="test_reset_with_invalid_token_400" time="0.092" /><testcase classname="tests.test_auth_i18n" name="test_forgot_unknown_email_generic_ok" time="0.117" /><testcase classname="tests.test_auth_i18n" name="test_google_session_bogus_401" time="0.190" /><testcase classname="tests.test_auth_i18n" name="test_demo_accounts_shape" time="0.101" /><testcase classname="tests.test_auth_i18n" name="test_tutor_stream_hindi_returns_devanagari" time="5.687" /><testcase classname="tests.backend_test" name="test_adaptive_flow" time="0.155" /><testcase classname="tests.backend_test" name="test_teacher_overview" time="0.071" /><testcase classname="tests.backend_test" name="test_teaching_record_create" time="0.093" /><testcase classname="tests.backend_test" name="test_parent_child" time="0.065" /><testcase classname="tests.backend_test" name="test_school_overview" time="0.051" /><testcase classname="tests.backend_test" name="test_company_overview" time="0.051" /><testcase classname="tests.backend_test" name="test_government_overview" time="0.053" /><testcase classname="tests.test_auth_i18n" name="test_tutor_stream_english_no_devanagari" time="2.348" /></testsuite></testsuites>