<?xml version="1.0" encoding="utf-8"?><testsuites name="pytest tests"><testsuite name="pytest" errors="0" failures="0" skipped="0" tests="23" time="11.785" timestamp="2026-07-06T11:26:35.010504+00:00" hostname="agent-env-c0a2c713-07d8-44a5-b386-f764b92a4f1a"><testcase classname="tests.backend_test" name="test_root" time="0.129" /><testcase classname="tests.backend_test" name="test_login_all_roles[student-student@demo.com]" time="0.269" /><testcase classname="tests.backend_test" name="test_login_all_roles[teacher-teacher@demo.com]" time="0.271" /><testcase classname="tests.backend_test" name="test_login_all_roles[parent-parent@demo.com]" time="0.271" /><testcase classname="tests.backend_test" name="test_login_all_roles[school_admin-school@demo.com]" time="0.268" /><testcase classname="tests.backend_test" name="test_login_all_roles[company_admin-company@demo.com]" time="0.265" /><testcase classname="tests.backend_test" name="test_login_all_roles[government-gov@demo.com]" time="0.268" /><testcase classname="tests.backend_test" name="test_login_bad" time="0.270" /><testcase classname="tests.backend_test" name="test_demo_accounts" time="0.043" /><testcase classname="tests.backend_test" name="test_curriculum" time="0.045" /><testcase classname="tests.backend_test" name="test_student_today" time="1.681" /><testcase classname="tests.backend_test" name="test_student_profile" time="0.073" /><testcase classname="tests.backend_test" name="test_student_upcoming" time="0.045" /><testcase classname="tests.backend_test" name="test_quiz_topic" time="0.098" /><testcase classname="tests.backend_test" name="test_quiz_submit" time="0.043" /><testcase classname="tests.backend_test" name="test_tutor_stream" time="6.603" /><testcase classname="tests.backend_test" name="test_adaptive_flow" time="0.220" /><testcase classname="tests.backend_test" name="test_teacher_overview" time="0.070" /><testcase classname="tests.backend_test" name="test_teaching_record_create" time="0.088" /><testcase classname="tests.backend_test" name="test_parent_child" time="0.071" /><testcase classname="tests.backend_test" name="test_school_overview" time="0.053" /><testcase classname="tests.backend_test" name="test_company_overview" time="0.050" /><testcase classname="tests.backend_test" name="test_government_overview" time="0.053" /></testsuite></testsuites>